<?xml version="1.0" encoding="UTF-8"?>
<!-- Generated by org.testng.reporters.JUnitReportReporter -->
<testsuite skipped="0" hostname="07HW012081" name="com.foguetinho.api.UploadConcurrentTest" tests="10" failures="0" timestamp="17 mai 2019 16:24:26 GMT" time="0.070" errors="0">
  <testcase name="givenMethod_whenRunInThreads_thenCorrect" time="0.010" classname="com.foguetinho.api.UploadConcurrentTest"/>
  <testcase name="givenMethod_whenRunInThreads_thenCorrect" time="0.006" classname="com.foguetinho.api.UploadConcurrentTest"/>
  <testcase name="givenMethod_whenRunInThreads_thenCorrect" time="0.007" classname="com.foguetinho.api.UploadConcurrentTest"/>
  <testcase name="givenMethod_whenRunInThreads_thenCorrect" time="0.010" classname="com.foguetinho.api.UploadConcurrentTest"/>
  <testcase name="givenMethod_whenRunInThreads_thenCorrect" time="0.001" classname="com.foguetinho.api.UploadConcurrentTest"/>
  <testcase name="givenMethod_whenRunInThreads_thenCorrect" time="0.005" classname="com.foguetinho.api.UploadConcurrentTest"/>
  <testcase name="givenMethod_whenRunInThreads_thenCorrect" time="0.010" classname="com.foguetinho.api.UploadConcurrentTest"/>
  <testcase name="givenMethod_whenRunInThreads_thenCorrect" time="0.010" classname="com.foguetinho.api.UploadConcurrentTest"/>
  <testcase name="givenMethod_whenRunInThreads_thenCorrect" time="0.010" classname="com.foguetinho.api.UploadConcurrentTest"/>
  <testcase name="givenMethod_whenRunInThreads_thenCorrect" time="0.001" classname="com.foguetinho.api.UploadConcurrentTest"/>
</testsuite> <!-- com.foguetinho.api.UploadConcurrentTest -->
